<?xml version="1.0" encoding="UTF-8"?>
<coverage generated="1561024787420" clover="3.2.0">
  <project timestamp="1561024787420" name="All files">
    <metrics statements="95" coveredstatements="95" conditionals="55" coveredconditionals="55" methods="12" coveredmethods="12" elements="162" coveredelements="162" complexity="0" loc="95" ncloc="95" packages="1" files="1" classes="1"/>
    <file name="linkedList.js" path="/Users/Kai_Lin/Desktop/blog/数据结构与算法/链表/linkedList.js">
      <metrics statements="95" coveredstatements="95" conditionals="55" coveredconditionals="55" methods="12" coveredmethods="12"/>
      <line num="3" count="51" type="stmt"/>
      <line num="4" count="51" type="stmt"/>
      <line num="17" count="9" type="stmt"/>
      <line num="25" count="20" type="stmt"/>
      <line num="26" count="20" type="cond" truecount="2" falsecount="0"/>
      <line num="27" count="2" type="stmt"/>
      <line num="29" count="18" type="cond" truecount="2" falsecount="0"/>
      <line num="30" count="7" type="stmt"/>
      <line num="32" count="11" type="stmt"/>
      <line num="33" count="12" type="stmt"/>
      <line num="34" count="12" type="cond" truecount="2" falsecount="0"/>
      <line num="36" count="2" type="stmt"/>
      <line num="45" count="12" type="stmt"/>
      <line num="46" count="12" type="stmt"/>
      <line num="47" count="12" type="cond" truecount="2" falsecount="0"/>
      <line num="48" count="11" type="cond" truecount="2" falsecount="0"/>
      <line num="49" count="9" type="stmt"/>
      <line num="50" count="9" type="stmt"/>
      <line num="51" count="16" type="stmt"/>
      <line num="52" count="16" type="stmt"/>
      <line num="53" count="16" type="cond" truecount="2" falsecount="0"/>
      <line num="56" count="1" type="stmt"/>
      <line num="64" count="31" type="cond" truecount="2" falsecount="0"/>
      <line num="65" count="11" type="stmt"/>
      <line num="68" count="20" type="stmt"/>
      <line num="69" count="20" type="stmt"/>
      <line num="70" count="20" type="stmt"/>
      <line num="72" count="20" type="stmt"/>
      <line num="82" count="5" type="cond" truecount="2" falsecount="0"/>
      <line num="83" count="1" type="stmt"/>
      <line num="85" count="4" type="stmt"/>
      <line num="86" count="4" type="stmt"/>
      <line num="87" count="4" type="cond" truecount="2" falsecount="0"/>
      <line num="88" count="2" type="stmt"/>
      <line num="90" count="2" type="stmt"/>
      <line num="91" count="2" type="stmt"/>
      <line num="92" count="2" type="stmt"/>
      <line num="101" count="5" type="cond" truecount="2" falsecount="0"/>
      <line num="102" count="4" type="stmt"/>
      <line num="103" count="4" type="cond" truecount="2" falsecount="0"/>
      <line num="104" count="3" type="stmt"/>
      <line num="105" count="4" type="cond" truecount="2" falsecount="0"/>
      <line num="106" count="3" type="stmt"/>
      <line num="108" count="1" type="stmt"/>
      <line num="117" count="9" type="cond" truecount="2" falsecount="0"/>
      <line num="118" count="1" type="stmt"/>
      <line num="120" count="8" type="cond" truecount="2" falsecount="0"/>
      <line num="121" count="1" type="stmt"/>
      <line num="123" count="7" type="stmt"/>
      <line num="126" count="7" type="cond" truecount="2" falsecount="0"/>
      <line num="128" count="4" type="cond" truecount="2" falsecount="0"/>
      <line num="129" count="3" type="stmt"/>
      <line num="131" count="1" type="stmt"/>
      <line num="135" count="3" type="cond" truecount="2" falsecount="0"/>
      <line num="137" count="1" type="stmt"/>
      <line num="139" count="2" type="stmt"/>
      <line num="140" count="3" type="cond" truecount="2" falsecount="0"/>
      <line num="141" count="2" type="stmt"/>
      <line num="142" count="2" type="stmt"/>
      <line num="144" count="1" type="stmt"/>
      <line num="153" count="7" type="stmt"/>
      <line num="154" count="7" type="stmt"/>
      <line num="155" count="7" type="stmt"/>
      <line num="156" count="17" type="cond" truecount="2" falsecount="0"/>
      <line num="157" count="17" type="stmt"/>
      <line num="159" count="7" type="stmt"/>
      <line num="166" count="86" type="stmt"/>
      <line num="167" count="86" type="stmt"/>
      <line num="168" count="86" type="cond" truecount="2" falsecount="0"/>
      <line num="169" count="68" type="stmt"/>
      <line num="170" count="68" type="stmt"/>
      <line num="171" count="87" type="stmt"/>
      <line num="172" count="87" type="stmt"/>
      <line num="175" count="86" type="stmt"/>
      <line num="182" count="4" type="stmt"/>
      <line num="183" count="4" type="cond" truecount="4" falsecount="0"/>
      <line num="184" count="3" type="stmt"/>
      <line num="185" count="3" type="stmt"/>
      <line num="186" count="9" type="stmt"/>
      <line num="187" count="9" type="stmt"/>
      <line num="188" count="9" type="stmt"/>
      <line num="189" count="9" type="stmt"/>
      <line num="191" count="3" type="stmt"/>
      <line num="199" count="5" type="stmt"/>
      <line num="200" count="5" type="stmt"/>
      <line num="201" count="5" type="stmt"/>
      <line num="203" count="5" type="cond" truecount="4" falsecount="0"/>
      <line num="204" count="3" type="cond" truecount="3" falsecount="0"/>
      <line num="205" count="7" type="stmt"/>
      <line num="206" count="7" type="stmt"/>
      <line num="207" count="7" type="cond" truecount="4" falsecount="0"/>
      <line num="208" count="2" type="stmt"/>
      <line num="210" count="5" type="stmt"/>
      <line num="212" count="1" type="stmt"/>
      <line num="216" count="1" type="stmt"/>
    </file>
  </project>
</coverage>
