{"/Users/Kai_Lin/Desktop/blog/\b数据结构与算法/链表/linkedList.js": {"path":"/Users/Kai_Lin/Desktop/blog/\b数据结构与算法/链表/linkedList.js","statementMap":{"0":{"start":{"line":3,"column":4},"end":{"line":3,"column":27}},"1":{"start":{"line":4,"column":4},"end":{"line":4,"column":21}},"2":{"start":{"line":10,"column":4},"end":{"line":10,"column":33}},"3":{"start":{"line":18,"column":22},"end":{"line":18,"column":36}},"4":{"start":{"line":19,"column":4},"end":{"line":30,"column":5}},"5":{"start":{"line":20,"column":6},"end":{"line":20,"column":30}},"6":{"start":{"line":22,"column":6},"end":{"line":24,"column":7}},"7":{"start":{"line":23,"column":8},"end":{"line":23,"column":27}},"8":{"start":{"line":25,"column":6},"end":{"line":28,"column":7}},"9":{"start":{"line":26,"column":8},"end":{"line":26,"column":39}},"10":{"start":{"line":27,"column":8},"end":{"line":27,"column":61}},"11":{"start":{"line":27,"column":42},"end":{"line":27,"column":61}},"12":{"start":{"line":29,"column":6},"end":{"line":29,"column":18}},"13":{"start":{"line":35,"column":16},"end":{"line":35,"column":18}},"14":{"start":{"line":36,"column":22},"end":{"line":36,"column":36}},"15":{"start":{"line":37,"column":4},"end":{"line":45,"column":5}},"16":{"start":{"line":38,"column":6},"end":{"line":38,"column":42}},"17":{"start":{"line":38,"column":23},"end":{"line":38,"column":42}},"18":{"start":{"line":39,"column":6},"end":{"line":39,"column":14}},"19":{"start":{"line":40,"column":6},"end":{"line":44,"column":7}},"20":{"start":{"line":41,"column":8},"end":{"line":41,"column":39}},"21":{"start":{"line":42,"column":8},"end":{"line":42,"column":16}},"22":{"start":{"line":43,"column":8},"end":{"line":43,"column":48}},"23":{"start":{"line":43,"column":29},"end":{"line":43,"column":48}},"24":{"start":{"line":46,"column":4},"end":{"line":46,"column":16}},"25":{"start":{"line":51,"column":4},"end":{"line":60,"column":5}},"26":{"start":{"line":52,"column":6},"end":{"line":52,"column":44}},"27":{"start":{"line":55,"column":24},"end":{"line":55,"column":38}},"28":{"start":{"line":56,"column":6},"end":{"line":58,"column":7}},"29":{"start":{"line":57,"column":8},"end":{"line":57,"column":39}},"30":{"start":{"line":59,"column":6},"end":{"line":59,"column":46}},"31":{"start":{"line":69,"column":4},"end":{"line":71,"column":5}},"32":{"start":{"line":70,"column":6},"end":{"line":70,"column":38}},"33":{"start":{"line":72,"column":21},"end":{"line":72,"column":46}},"34":{"start":{"line":73,"column":19},"end":{"line":73,"column":34}},"35":{"start":{"line":74,"column":4},"end":{"line":80,"column":5}},"36":{"start":{"line":75,"column":6},"end":{"line":75,"column":45}},"37":{"start":{"line":77,"column":20},"end":{"line":77,"column":40}},"38":{"start":{"line":78,"column":6},"end":{"line":78,"column":30}},"39":{"start":{"line":79,"column":6},"end":{"line":79,"column":32}},"40":{"start":{"line":85,"column":4},"end":{"line":85,"column":51}},"41":{"start":{"line":85,"column":27},"end":{"line":85,"column":51}},"42":{"start":{"line":86,"column":22},"end":{"line":86,"column":36}},"43":{"start":{"line":87,"column":4},"end":{"line":87,"column":39}},"44":{"start":{"line":87,"column":27},"end":{"line":87,"column":39}},"45":{"start":{"line":88,"column":4},"end":{"line":93,"column":5}},"46":{"start":{"line":89,"column":6},"end":{"line":91,"column":7}},"47":{"start":{"line":90,"column":8},"end":{"line":90,"column":27}},"48":{"start":{"line":92,"column":6},"end":{"line":92,"column":37}},"49":{"start":{"line":101,"column":4},"end":{"line":103,"column":5}},"50":{"start":{"line":102,"column":6},"end":{"line":102,"column":30}},"51":{"start":{"line":104,"column":4},"end":{"line":106,"column":5}},"52":{"start":{"line":105,"column":6},"end":{"line":105,"column":35}},"53":{"start":{"line":107,"column":22},"end":{"line":107,"column":36}},"54":{"start":{"line":110,"column":4},"end":{"line":117,"column":5}},"55":{"start":{"line":112,"column":6},"end":{"line":116,"column":7}},"56":{"start":{"line":113,"column":8},"end":{"line":113,"column":37}},"57":{"start":{"line":115,"column":8},"end":{"line":115,"column":49}},"58":{"start":{"line":119,"column":4},"end":{"line":130,"column":5}},"59":{"start":{"line":121,"column":6},"end":{"line":121,"column":75}},"60":{"start":{"line":123,"column":6},"end":{"line":129,"column":7}},"61":{"start":{"line":124,"column":8},"end":{"line":127,"column":9}},"62":{"start":{"line":125,"column":10},"end":{"line":125,"column":51}},"63":{"start":{"line":126,"column":10},"end":{"line":126,"column":22}},"64":{"start":{"line":128,"column":8},"end":{"line":128,"column":39}},"65":{"start":{"line":135,"column":22},"end":{"line":135,"column":36}},"66":{"start":{"line":136,"column":18},"end":{"line":136,"column":20}},"67":{"start":{"line":137,"column":4},"end":{"line":140,"column":5}},"68":{"start":{"line":138,"column":6},"end":{"line":138,"column":92}},"69":{"start":{"line":139,"column":6},"end":{"line":139,"column":36}},"70":{"start":{"line":141,"column":4},"end":{"line":141,"column":19}},"71":{"start":{"line":145,"column":16},"end":{"line":145,"column":17}},"72":{"start":{"line":146,"column":22},"end":{"line":146,"column":36}},"73":{"start":{"line":147,"column":4},"end":{"line":153,"column":5}},"74":{"start":{"line":148,"column":6},"end":{"line":148,"column":14}},"75":{"start":{"line":149,"column":6},"end":{"line":152,"column":7}},"76":{"start":{"line":150,"column":8},"end":{"line":150,"column":16}},"77":{"start":{"line":151,"column":8},"end":{"line":151,"column":39}},"78":{"start":{"line":154,"column":4},"end":{"line":154,"column":17}},"79":{"start":{"line":158,"column":0},"end":{"line":161,"column":1}}},"fnMap":{"0":{"name":"(anonymous_0)","decl":{"start":{"line":2,"column":2},"end":{"line":2,"column":3}},"loc":{"start":{"line":2,"column":23},"end":{"line":5,"column":3}},"line":2},"1":{"name":"(anonymous_1)","decl":{"start":{"line":9,"column":2},"end":{"line":9,"column":3}},"loc":{"start":{"line":9,"column":16},"end":{"line":11,"column":3}},"line":9},"2":{"name":"(anonymous_2)","decl":{"start":{"line":17,"column":2},"end":{"line":17,"column":3}},"loc":{"start":{"line":17,"column":20},"end":{"line":31,"column":3}},"line":17},"3":{"name":"(anonymous_3)","decl":{"start":{"line":34,"column":2},"end":{"line":34,"column":3}},"loc":{"start":{"line":34,"column":22},"end":{"line":47,"column":3}},"line":34},"4":{"name":"(anonymous_4)","decl":{"start":{"line":50,"column":2},"end":{"line":50,"column":3}},"loc":{"start":{"line":50,"column":21},"end":{"line":61,"column":3}},"line":50},"5":{"name":"(anonymous_5)","decl":{"start":{"line":68,"column":2},"end":{"line":68,"column":3}},"loc":{"start":{"line":68,"column":31},"end":{"line":81,"column":3}},"line":68},"6":{"name":"(anonymous_6)","decl":{"start":{"line":84,"column":2},"end":{"line":84,"column":3}},"loc":{"start":{"line":84,"column":18},"end":{"line":94,"column":3}},"line":84},"7":{"name":"(anonymous_7)","decl":{"start":{"line":100,"column":2},"end":{"line":100,"column":3}},"loc":{"start":{"line":100,"column":17},"end":{"line":131,"column":3}},"line":100},"8":{"name":"(anonymous_8)","decl":{"start":{"line":134,"column":2},"end":{"line":134,"column":3}},"loc":{"start":{"line":134,"column":13},"end":{"line":142,"column":3}},"line":134},"9":{"name":"(anonymous_9)","decl":{"start":{"line":144,"column":2},"end":{"line":144,"column":3}},"loc":{"start":{"line":144,"column":9},"end":{"line":155,"column":3}},"line":144}},"branchMap":{"0":{"loc":{"start":{"line":19,"column":4},"end":{"line":30,"column":5}},"type":"if","locations":[{"start":{"line":19,"column":4},"end":{"line":30,"column":5}},{"start":{"line":19,"column":4},"end":{"line":30,"column":5}}],"line":19},"1":{"loc":{"start":{"line":22,"column":6},"end":{"line":24,"column":7}},"type":"if","locations":[{"start":{"line":22,"column":6},"end":{"line":24,"column":7}},{"start":{"line":22,"column":6},"end":{"line":24,"column":7}}],"line":22},"2":{"loc":{"start":{"line":27,"column":8},"end":{"line":27,"column":61}},"type":"if","locations":[{"start":{"line":27,"column":8},"end":{"line":27,"column":61}},{"start":{"line":27,"column":8},"end":{"line":27,"column":61}}],"line":27},"3":{"loc":{"start":{"line":37,"column":4},"end":{"line":45,"column":5}},"type":"if","locations":[{"start":{"line":37,"column":4},"end":{"line":45,"column":5}},{"start":{"line":37,"column":4},"end":{"line":45,"column":5}}],"line":37},"4":{"loc":{"start":{"line":38,"column":6},"end":{"line":38,"column":42}},"type":"if","locations":[{"start":{"line":38,"column":6},"end":{"line":38,"column":42}},{"start":{"line":38,"column":6},"end":{"line":38,"column":42}}],"line":38},"5":{"loc":{"start":{"line":43,"column":8},"end":{"line":43,"column":48}},"type":"if","locations":[{"start":{"line":43,"column":8},"end":{"line":43,"column":48}},{"start":{"line":43,"column":8},"end":{"line":43,"column":48}}],"line":43},"6":{"loc":{"start":{"line":51,"column":4},"end":{"line":60,"column":5}},"type":"if","locations":[{"start":{"line":51,"column":4},"end":{"line":60,"column":5}},{"start":{"line":51,"column":4},"end":{"line":60,"column":5}}],"line":51},"7":{"loc":{"start":{"line":69,"column":4},"end":{"line":71,"column":5}},"type":"if","locations":[{"start":{"line":69,"column":4},"end":{"line":71,"column":5}},{"start":{"line":69,"column":4},"end":{"line":71,"column":5}}],"line":69},"8":{"loc":{"start":{"line":74,"column":4},"end":{"line":80,"column":5}},"type":"if","locations":[{"start":{"line":74,"column":4},"end":{"line":80,"column":5}},{"start":{"line":74,"column":4},"end":{"line":80,"column":5}}],"line":74},"9":{"loc":{"start":{"line":85,"column":4},"end":{"line":85,"column":51}},"type":"if","locations":[{"start":{"line":85,"column":4},"end":{"line":85,"column":51}},{"start":{"line":85,"column":4},"end":{"line":85,"column":51}}],"line":85},"10":{"loc":{"start":{"line":87,"column":4},"end":{"line":87,"column":39}},"type":"if","locations":[{"start":{"line":87,"column":4},"end":{"line":87,"column":39}},{"start":{"line":87,"column":4},"end":{"line":87,"column":39}}],"line":87},"11":{"loc":{"start":{"line":89,"column":6},"end":{"line":91,"column":7}},"type":"if","locations":[{"start":{"line":89,"column":6},"end":{"line":91,"column":7}},{"start":{"line":89,"column":6},"end":{"line":91,"column":7}}],"line":89},"12":{"loc":{"start":{"line":101,"column":4},"end":{"line":103,"column":5}},"type":"if","locations":[{"start":{"line":101,"column":4},"end":{"line":103,"column":5}},{"start":{"line":101,"column":4},"end":{"line":103,"column":5}}],"line":101},"13":{"loc":{"start":{"line":104,"column":4},"end":{"line":106,"column":5}},"type":"if","locations":[{"start":{"line":104,"column":4},"end":{"line":106,"column":5}},{"start":{"line":104,"column":4},"end":{"line":106,"column":5}}],"line":104},"14":{"loc":{"start":{"line":110,"column":4},"end":{"line":117,"column":5}},"type":"if","locations":[{"start":{"line":110,"column":4},"end":{"line":117,"column":5}},{"start":{"line":110,"column":4},"end":{"line":117,"column":5}}],"line":110},"15":{"loc":{"start":{"line":112,"column":6},"end":{"line":116,"column":7}},"type":"if","locations":[{"start":{"line":112,"column":6},"end":{"line":116,"column":7}},{"start":{"line":112,"column":6},"end":{"line":116,"column":7}}],"line":112},"16":{"loc":{"start":{"line":119,"column":4},"end":{"line":130,"column":5}},"type":"if","locations":[{"start":{"line":119,"column":4},"end":{"line":130,"column":5}},{"start":{"line":119,"column":4},"end":{"line":130,"column":5}}],"line":119},"17":{"loc":{"start":{"line":124,"column":8},"end":{"line":127,"column":9}},"type":"if","locations":[{"start":{"line":124,"column":8},"end":{"line":127,"column":9}},{"start":{"line":124,"column":8},"end":{"line":127,"column":9}}],"line":124},"18":{"loc":{"start":{"line":138,"column":17},"end":{"line":138,"column":91}},"type":"cond-expr","locations":[{"start":{"line":138,"column":36},"end":{"line":138,"column":64}},{"start":{"line":138,"column":67},"end":{"line":138,"column":91}}],"line":138},"19":{"loc":{"start":{"line":147,"column":4},"end":{"line":153,"column":5}},"type":"if","locations":[{"start":{"line":147,"column":4},"end":{"line":153,"column":5}},{"start":{"line":147,"column":4},"end":{"line":153,"column":5}}],"line":147}},"s":{"0":28,"1":28,"2":5,"3":20,"4":20,"5":2,"6":18,"7":7,"8":11,"9":12,"10":12,"11":9,"12":2,"13":8,"14":8,"15":8,"16":7,"17":1,"18":6,"19":6,"20":9,"21":9,"22":9,"23":6,"24":1,"25":15,"26":7,"27":8,"28":8,"29":5,"30":8,"31":5,"32":1,"33":4,"34":4,"35":4,"36":2,"37":2,"38":2,"39":2,"40":5,"41":1,"42":4,"43":4,"44":1,"45":3,"46":4,"47":3,"48":1,"49":9,"50":1,"51":8,"52":1,"53":7,"54":7,"55":4,"56":3,"57":1,"58":3,"59":1,"60":2,"61":3,"62":2,"63":2,"64":1,"65":3,"66":3,"67":3,"68":7,"69":7,"70":3,"71":64,"72":64,"73":64,"74":50,"75":50,"76":61,"77":61,"78":64,"79":1},"f":{"0":28,"1":5,"2":20,"3":8,"4":15,"5":5,"6":5,"7":9,"8":3,"9":64},"b":{"0":[2,18],"1":[7,11],"2":[9,3],"3":[7,1],"4":[1,6],"5":[6,3],"6":[7,8],"7":[1,4],"8":[2,2],"9":[1,4],"10":[1,3],"11":[3,1],"12":[1,8],"13":[1,7],"14":[4,3],"15":[3,1],"16":[1,2],"17":[2,1],"18":[4,3],"19":[50,14]},"_coverageSchema":"43e27e138ebf9cfc5966b082cf9a028302ed4184","hash":"00c01d0ca628476aa7fedd83ad9f7268865ec103"}
}
