{"/Users/Kai_Lin/Desktop/blog/\b数据结构与算法/链表/linkedList.js": {"path":"/Users/Kai_Lin/Desktop/blog/\b数据结构与算法/链表/linkedList.js","statementMap":{"0":{"start":{"line":3,"column":4},"end":{"line":3,"column":27}},"1":{"start":{"line":4,"column":4},"end":{"line":4,"column":21}},"2":{"start":{"line":17,"column":4},"end":{"line":17,"column":33}},"3":{"start":{"line":25,"column":22},"end":{"line":25,"column":36}},"4":{"start":{"line":26,"column":4},"end":{"line":37,"column":5}},"5":{"start":{"line":27,"column":6},"end":{"line":27,"column":30}},"6":{"start":{"line":29,"column":6},"end":{"line":31,"column":7}},"7":{"start":{"line":30,"column":8},"end":{"line":30,"column":27}},"8":{"start":{"line":32,"column":6},"end":{"line":35,"column":7}},"9":{"start":{"line":33,"column":8},"end":{"line":33,"column":39}},"10":{"start":{"line":34,"column":8},"end":{"line":34,"column":61}},"11":{"start":{"line":34,"column":42},"end":{"line":34,"column":61}},"12":{"start":{"line":36,"column":6},"end":{"line":36,"column":18}},"13":{"start":{"line":45,"column":16},"end":{"line":45,"column":18}},"14":{"start":{"line":46,"column":22},"end":{"line":46,"column":36}},"15":{"start":{"line":47,"column":4},"end":{"line":55,"column":5}},"16":{"start":{"line":48,"column":6},"end":{"line":48,"column":42}},"17":{"start":{"line":48,"column":23},"end":{"line":48,"column":42}},"18":{"start":{"line":49,"column":6},"end":{"line":49,"column":14}},"19":{"start":{"line":50,"column":6},"end":{"line":54,"column":7}},"20":{"start":{"line":51,"column":8},"end":{"line":51,"column":39}},"21":{"start":{"line":52,"column":8},"end":{"line":52,"column":16}},"22":{"start":{"line":53,"column":8},"end":{"line":53,"column":48}},"23":{"start":{"line":53,"column":29},"end":{"line":53,"column":48}},"24":{"start":{"line":56,"column":4},"end":{"line":56,"column":16}},"25":{"start":{"line":64,"column":4},"end":{"line":73,"column":5}},"26":{"start":{"line":65,"column":6},"end":{"line":65,"column":44}},"27":{"start":{"line":68,"column":24},"end":{"line":68,"column":38}},"28":{"start":{"line":69,"column":6},"end":{"line":71,"column":7}},"29":{"start":{"line":70,"column":8},"end":{"line":70,"column":39}},"30":{"start":{"line":72,"column":6},"end":{"line":72,"column":46}},"31":{"start":{"line":82,"column":4},"end":{"line":84,"column":5}},"32":{"start":{"line":83,"column":6},"end":{"line":83,"column":38}},"33":{"start":{"line":85,"column":21},"end":{"line":85,"column":46}},"34":{"start":{"line":86,"column":19},"end":{"line":86,"column":34}},"35":{"start":{"line":87,"column":4},"end":{"line":93,"column":5}},"36":{"start":{"line":88,"column":6},"end":{"line":88,"column":45}},"37":{"start":{"line":90,"column":20},"end":{"line":90,"column":40}},"38":{"start":{"line":91,"column":6},"end":{"line":91,"column":30}},"39":{"start":{"line":92,"column":6},"end":{"line":92,"column":32}},"40":{"start":{"line":101,"column":4},"end":{"line":101,"column":51}},"41":{"start":{"line":101,"column":27},"end":{"line":101,"column":51}},"42":{"start":{"line":102,"column":22},"end":{"line":102,"column":36}},"43":{"start":{"line":103,"column":4},"end":{"line":103,"column":39}},"44":{"start":{"line":103,"column":27},"end":{"line":103,"column":39}},"45":{"start":{"line":104,"column":4},"end":{"line":109,"column":5}},"46":{"start":{"line":105,"column":6},"end":{"line":107,"column":7}},"47":{"start":{"line":106,"column":8},"end":{"line":106,"column":27}},"48":{"start":{"line":108,"column":6},"end":{"line":108,"column":37}},"49":{"start":{"line":117,"column":4},"end":{"line":119,"column":5}},"50":{"start":{"line":118,"column":6},"end":{"line":118,"column":30}},"51":{"start":{"line":120,"column":4},"end":{"line":122,"column":5}},"52":{"start":{"line":121,"column":6},"end":{"line":121,"column":35}},"53":{"start":{"line":123,"column":22},"end":{"line":123,"column":36}},"54":{"start":{"line":126,"column":4},"end":{"line":133,"column":5}},"55":{"start":{"line":128,"column":6},"end":{"line":132,"column":7}},"56":{"start":{"line":129,"column":8},"end":{"line":129,"column":37}},"57":{"start":{"line":131,"column":8},"end":{"line":131,"column":49}},"58":{"start":{"line":135,"column":4},"end":{"line":146,"column":5}},"59":{"start":{"line":137,"column":6},"end":{"line":137,"column":75}},"60":{"start":{"line":139,"column":6},"end":{"line":145,"column":7}},"61":{"start":{"line":140,"column":8},"end":{"line":143,"column":9}},"62":{"start":{"line":141,"column":10},"end":{"line":141,"column":51}},"63":{"start":{"line":142,"column":10},"end":{"line":142,"column":22}},"64":{"start":{"line":144,"column":8},"end":{"line":144,"column":39}},"65":{"start":{"line":153,"column":22},"end":{"line":153,"column":36}},"66":{"start":{"line":154,"column":18},"end":{"line":154,"column":20}},"67":{"start":{"line":155,"column":4},"end":{"line":158,"column":5}},"68":{"start":{"line":156,"column":6},"end":{"line":156,"column":92}},"69":{"start":{"line":157,"column":6},"end":{"line":157,"column":36}},"70":{"start":{"line":159,"column":4},"end":{"line":159,"column":19}},"71":{"start":{"line":166,"column":16},"end":{"line":166,"column":17}},"72":{"start":{"line":167,"column":22},"end":{"line":167,"column":36}},"73":{"start":{"line":168,"column":4},"end":{"line":174,"column":5}},"74":{"start":{"line":169,"column":6},"end":{"line":169,"column":14}},"75":{"start":{"line":170,"column":6},"end":{"line":173,"column":7}},"76":{"start":{"line":171,"column":8},"end":{"line":171,"column":16}},"77":{"start":{"line":172,"column":8},"end":{"line":172,"column":39}},"78":{"start":{"line":175,"column":4},"end":{"line":175,"column":17}},"79":{"start":{"line":182,"column":22},"end":{"line":182,"column":36}},"80":{"start":{"line":183,"column":4},"end":{"line":183,"column":58}},"81":{"start":{"line":183,"column":51},"end":{"line":183,"column":58}},"82":{"start":{"line":184,"column":17},"end":{"line":184,"column":33}},"83":{"start":{"line":185,"column":4},"end":{"line":190,"column":5}},"84":{"start":{"line":186,"column":17},"end":{"line":186,"column":33}},"85":{"start":{"line":187,"column":6},"end":{"line":187,"column":35}},"86":{"start":{"line":188,"column":6},"end":{"line":188,"column":30}},"87":{"start":{"line":189,"column":6},"end":{"line":189,"column":25}},"88":{"start":{"line":191,"column":4},"end":{"line":191,"column":21}},"89":{"start":{"line":199,"column":22},"end":{"line":199,"column":36}},"90":{"start":{"line":200,"column":15},"end":{"line":200,"column":26}},"91":{"start":{"line":201,"column":15},"end":{"line":201,"column":26}},"92":{"start":{"line":203,"column":4},"end":{"line":203,"column":72}},"93":{"start":{"line":203,"column":59},"end":{"line":203,"column":72}},"94":{"start":{"line":204,"column":4},"end":{"line":211,"column":5}},"95":{"start":{"line":205,"column":6},"end":{"line":205,"column":28}},"96":{"start":{"line":206,"column":6},"end":{"line":206,"column":23}},"97":{"start":{"line":207,"column":6},"end":{"line":209,"column":7}},"98":{"start":{"line":208,"column":8},"end":{"line":208,"column":19}},"99":{"start":{"line":210,"column":6},"end":{"line":210,"column":37}},"100":{"start":{"line":212,"column":4},"end":{"line":212,"column":17}},"101":{"start":{"line":216,"column":0},"end":{"line":219,"column":1}}},"fnMap":{"0":{"name":"(anonymous_0)","decl":{"start":{"line":2,"column":2},"end":{"line":2,"column":3}},"loc":{"start":{"line":2,"column":23},"end":{"line":5,"column":3}},"line":2},"1":{"name":"(anonymous_1)","decl":{"start":{"line":16,"column":2},"end":{"line":16,"column":3}},"loc":{"start":{"line":16,"column":16},"end":{"line":18,"column":3}},"line":16},"2":{"name":"(anonymous_2)","decl":{"start":{"line":24,"column":2},"end":{"line":24,"column":3}},"loc":{"start":{"line":24,"column":20},"end":{"line":38,"column":3}},"line":24},"3":{"name":"(anonymous_3)","decl":{"start":{"line":44,"column":2},"end":{"line":44,"column":3}},"loc":{"start":{"line":44,"column":22},"end":{"line":57,"column":3}},"line":44},"4":{"name":"(anonymous_4)","decl":{"start":{"line":63,"column":2},"end":{"line":63,"column":3}},"loc":{"start":{"line":63,"column":21},"end":{"line":74,"column":3}},"line":63},"5":{"name":"(anonymous_5)","decl":{"start":{"line":81,"column":2},"end":{"line":81,"column":3}},"loc":{"start":{"line":81,"column":31},"end":{"line":94,"column":3}},"line":81},"6":{"name":"(anonymous_6)","decl":{"start":{"line":100,"column":2},"end":{"line":100,"column":3}},"loc":{"start":{"line":100,"column":18},"end":{"line":110,"column":3}},"line":100},"7":{"name":"(anonymous_7)","decl":{"start":{"line":116,"column":2},"end":{"line":116,"column":3}},"loc":{"start":{"line":116,"column":17},"end":{"line":147,"column":3}},"line":116},"8":{"name":"(anonymous_8)","decl":{"start":{"line":152,"column":2},"end":{"line":152,"column":3}},"loc":{"start":{"line":152,"column":13},"end":{"line":160,"column":3}},"line":152},"9":{"name":"(anonymous_9)","decl":{"start":{"line":165,"column":2},"end":{"line":165,"column":3}},"loc":{"start":{"line":165,"column":9},"end":{"line":176,"column":3}},"line":165},"10":{"name":"(anonymous_10)","decl":{"start":{"line":181,"column":2},"end":{"line":181,"column":3}},"loc":{"start":{"line":181,"column":16},"end":{"line":192,"column":3}},"line":181},"11":{"name":"(anonymous_11)","decl":{"start":{"line":197,"column":2},"end":{"line":197,"column":3}},"loc":{"start":{"line":197,"column":16},"end":{"line":213,"column":3}},"line":197}},"branchMap":{"0":{"loc":{"start":{"line":26,"column":4},"end":{"line":37,"column":5}},"type":"if","locations":[{"start":{"line":26,"column":4},"end":{"line":37,"column":5}},{"start":{"line":26,"column":4},"end":{"line":37,"column":5}}],"line":26},"1":{"loc":{"start":{"line":29,"column":6},"end":{"line":31,"column":7}},"type":"if","locations":[{"start":{"line":29,"column":6},"end":{"line":31,"column":7}},{"start":{"line":29,"column":6},"end":{"line":31,"column":7}}],"line":29},"2":{"loc":{"start":{"line":34,"column":8},"end":{"line":34,"column":61}},"type":"if","locations":[{"start":{"line":34,"column":8},"end":{"line":34,"column":61}},{"start":{"line":34,"column":8},"end":{"line":34,"column":61}}],"line":34},"3":{"loc":{"start":{"line":47,"column":4},"end":{"line":55,"column":5}},"type":"if","locations":[{"start":{"line":47,"column":4},"end":{"line":55,"column":5}},{"start":{"line":47,"column":4},"end":{"line":55,"column":5}}],"line":47},"4":{"loc":{"start":{"line":48,"column":6},"end":{"line":48,"column":42}},"type":"if","locations":[{"start":{"line":48,"column":6},"end":{"line":48,"column":42}},{"start":{"line":48,"column":6},"end":{"line":48,"column":42}}],"line":48},"5":{"loc":{"start":{"line":53,"column":8},"end":{"line":53,"column":48}},"type":"if","locations":[{"start":{"line":53,"column":8},"end":{"line":53,"column":48}},{"start":{"line":53,"column":8},"end":{"line":53,"column":48}}],"line":53},"6":{"loc":{"start":{"line":64,"column":4},"end":{"line":73,"column":5}},"type":"if","locations":[{"start":{"line":64,"column":4},"end":{"line":73,"column":5}},{"start":{"line":64,"column":4},"end":{"line":73,"column":5}}],"line":64},"7":{"loc":{"start":{"line":82,"column":4},"end":{"line":84,"column":5}},"type":"if","locations":[{"start":{"line":82,"column":4},"end":{"line":84,"column":5}},{"start":{"line":82,"column":4},"end":{"line":84,"column":5}}],"line":82},"8":{"loc":{"start":{"line":87,"column":4},"end":{"line":93,"column":5}},"type":"if","locations":[{"start":{"line":87,"column":4},"end":{"line":93,"column":5}},{"start":{"line":87,"column":4},"end":{"line":93,"column":5}}],"line":87},"9":{"loc":{"start":{"line":101,"column":4},"end":{"line":101,"column":51}},"type":"if","locations":[{"start":{"line":101,"column":4},"end":{"line":101,"column":51}},{"start":{"line":101,"column":4},"end":{"line":101,"column":51}}],"line":101},"10":{"loc":{"start":{"line":103,"column":4},"end":{"line":103,"column":39}},"type":"if","locations":[{"start":{"line":103,"column":4},"end":{"line":103,"column":39}},{"start":{"line":103,"column":4},"end":{"line":103,"column":39}}],"line":103},"11":{"loc":{"start":{"line":105,"column":6},"end":{"line":107,"column":7}},"type":"if","locations":[{"start":{"line":105,"column":6},"end":{"line":107,"column":7}},{"start":{"line":105,"column":6},"end":{"line":107,"column":7}}],"line":105},"12":{"loc":{"start":{"line":117,"column":4},"end":{"line":119,"column":5}},"type":"if","locations":[{"start":{"line":117,"column":4},"end":{"line":119,"column":5}},{"start":{"line":117,"column":4},"end":{"line":119,"column":5}}],"line":117},"13":{"loc":{"start":{"line":120,"column":4},"end":{"line":122,"column":5}},"type":"if","locations":[{"start":{"line":120,"column":4},"end":{"line":122,"column":5}},{"start":{"line":120,"column":4},"end":{"line":122,"column":5}}],"line":120},"14":{"loc":{"start":{"line":126,"column":4},"end":{"line":133,"column":5}},"type":"if","locations":[{"start":{"line":126,"column":4},"end":{"line":133,"column":5}},{"start":{"line":126,"column":4},"end":{"line":133,"column":5}}],"line":126},"15":{"loc":{"start":{"line":128,"column":6},"end":{"line":132,"column":7}},"type":"if","locations":[{"start":{"line":128,"column":6},"end":{"line":132,"column":7}},{"start":{"line":128,"column":6},"end":{"line":132,"column":7}}],"line":128},"16":{"loc":{"start":{"line":135,"column":4},"end":{"line":146,"column":5}},"type":"if","locations":[{"start":{"line":135,"column":4},"end":{"line":146,"column":5}},{"start":{"line":135,"column":4},"end":{"line":146,"column":5}}],"line":135},"17":{"loc":{"start":{"line":140,"column":8},"end":{"line":143,"column":9}},"type":"if","locations":[{"start":{"line":140,"column":8},"end":{"line":143,"column":9}},{"start":{"line":140,"column":8},"end":{"line":143,"column":9}}],"line":140},"18":{"loc":{"start":{"line":156,"column":17},"end":{"line":156,"column":91}},"type":"cond-expr","locations":[{"start":{"line":156,"column":36},"end":{"line":156,"column":64}},{"start":{"line":156,"column":67},"end":{"line":156,"column":91}}],"line":156},"19":{"loc":{"start":{"line":168,"column":4},"end":{"line":174,"column":5}},"type":"if","locations":[{"start":{"line":168,"column":4},"end":{"line":174,"column":5}},{"start":{"line":168,"column":4},"end":{"line":174,"column":5}}],"line":168},"20":{"loc":{"start":{"line":183,"column":4},"end":{"line":183,"column":58}},"type":"if","locations":[{"start":{"line":183,"column":4},"end":{"line":183,"column":58}},{"start":{"line":183,"column":4},"end":{"line":183,"column":58}}],"line":183},"21":{"loc":{"start":{"line":183,"column":8},"end":{"line":183,"column":49}},"type":"binary-expr","locations":[{"start":{"line":183,"column":8},"end":{"line":183,"column":28}},{"start":{"line":183,"column":32},"end":{"line":183,"column":49}}],"line":183},"22":{"loc":{"start":{"line":203,"column":4},"end":{"line":203,"column":72}},"type":"if","locations":[{"start":{"line":203,"column":4},"end":{"line":203,"column":72}},{"start":{"line":203,"column":4},"end":{"line":203,"column":72}}],"line":203},"23":{"loc":{"start":{"line":203,"column":8},"end":{"line":203,"column":57}},"type":"binary-expr","locations":[{"start":{"line":203,"column":8},"end":{"line":203,"column":28}},{"start":{"line":203,"column":32},"end":{"line":203,"column":57}}],"line":203},"24":{"loc":{"start":{"line":204,"column":10},"end":{"line":204,"column":51}},"type":"binary-expr","locations":[{"start":{"line":204,"column":10},"end":{"line":204,"column":14}},{"start":{"line":204,"column":18},"end":{"line":204,"column":27}},{"start":{"line":204,"column":31},"end":{"line":204,"column":51}}],"line":204},"25":{"loc":{"start":{"line":207,"column":6},"end":{"line":209,"column":7}},"type":"if","locations":[{"start":{"line":207,"column":6},"end":{"line":209,"column":7}},{"start":{"line":207,"column":6},"end":{"line":209,"column":7}}],"line":207},"26":{"loc":{"start":{"line":207,"column":10},"end":{"line":207,"column":47}},"type":"binary-expr","locations":[{"start":{"line":207,"column":10},"end":{"line":207,"column":14}},{"start":{"line":207,"column":18},"end":{"line":207,"column":47}}],"line":207}},"s":{"0":51,"1":51,"2":9,"3":20,"4":20,"5":2,"6":18,"7":7,"8":11,"9":12,"10":12,"11":9,"12":2,"13":12,"14":12,"15":12,"16":11,"17":2,"18":9,"19":9,"20":16,"21":16,"22":16,"23":9,"24":1,"25":31,"26":11,"27":20,"28":20,"29":20,"30":20,"31":5,"32":1,"33":4,"34":4,"35":4,"36":2,"37":2,"38":2,"39":2,"40":5,"41":1,"42":4,"43":4,"44":1,"45":3,"46":4,"47":3,"48":1,"49":9,"50":1,"51":8,"52":1,"53":7,"54":7,"55":4,"56":3,"57":1,"58":3,"59":1,"60":2,"61":3,"62":2,"63":2,"64":1,"65":7,"66":7,"67":7,"68":17,"69":17,"70":7,"71":86,"72":86,"73":86,"74":68,"75":68,"76":87,"77":87,"78":86,"79":4,"80":4,"81":1,"82":3,"83":3,"84":9,"85":9,"86":9,"87":9,"88":3,"89":5,"90":5,"91":5,"92":5,"93":2,"94":3,"95":7,"96":7,"97":7,"98":2,"99":5,"100":1,"101":1},"f":{"0":51,"1":9,"2":20,"3":12,"4":31,"5":5,"6":5,"7":9,"8":7,"9":86,"10":4,"11":5},"b":{"0":[2,18],"1":[7,11],"2":[9,3],"3":[11,1],"4":[2,9],"5":[9,7],"6":[11,20],"7":[1,4],"8":[2,2],"9":[1,4],"10":[1,3],"11":[3,1],"12":[1,8],"13":[1,7],"14":[4,3],"15":[3,1],"16":[1,2],"17":[2,1],"18":[10,7],"19":[68,18],"20":[1,3],"21":[4,4],"22":[2,3],"23":[5,4],"24":[8,8,7],"25":[2,5],"26":[7,7]},"_coverageSchema":"43e27e138ebf9cfc5966b082cf9a028302ed4184","hash":"c2900addc4f08863917874946de6c71f450e64a1"}
}
