TN:
SF:/Users/Kai_Lin/Desktop/blog/数据结构与算法/链表/linkedList.js
FN:2,(anonymous_0)
FN:9,(anonymous_1)
FN:17,(anonymous_2)
FN:34,(anonymous_3)
FN:50,(anonymous_4)
FN:68,(anonymous_5)
FN:84,(anonymous_6)
FN:100,(anonymous_7)
FN:134,(anonymous_8)
FN:144,(anonymous_9)
FNF:10
FNH:10
FNDA:28,(anonymous_0)
FNDA:5,(anonymous_1)
FNDA:20,(anonymous_2)
FNDA:8,(anonymous_3)
FNDA:15,(anonymous_4)
FNDA:5,(anonymous_5)
FNDA:5,(anonymous_6)
FNDA:9,(anonymous_7)
FNDA:3,(anonymous_8)
FNDA:64,(anonymous_9)
DA:3,28
DA:4,28
DA:10,5
DA:18,20
DA:19,20
DA:20,2
DA:22,18
DA:23,7
DA:25,11
DA:26,12
DA:27,12
DA:29,2
DA:35,8
DA:36,8
DA:37,8
DA:38,7
DA:39,6
DA:40,6
DA:41,9
DA:42,9
DA:43,9
DA:46,1
DA:51,15
DA:52,7
DA:55,8
DA:56,8
DA:57,5
DA:59,8
DA:69,5
DA:70,1
DA:72,4
DA:73,4
DA:74,4
DA:75,2
DA:77,2
DA:78,2
DA:79,2
DA:85,5
DA:86,4
DA:87,4
DA:88,3
DA:89,4
DA:90,3
DA:92,1
DA:101,9
DA:102,1
DA:104,8
DA:105,1
DA:107,7
DA:110,7
DA:112,4
DA:113,3
DA:115,1
DA:119,3
DA:121,1
DA:123,2
DA:124,3
DA:125,2
DA:126,2
DA:128,1
DA:135,3
DA:136,3
DA:137,3
DA:138,7
DA:139,7
DA:141,3
DA:145,64
DA:146,64
DA:147,64
DA:148,50
DA:149,50
DA:150,61
DA:151,61
DA:154,64
DA:158,1
LF:75
LH:75
BRDA:19,0,0,2
BRDA:19,0,1,18
BRDA:22,1,0,7
BRDA:22,1,1,11
BRDA:27,2,0,9
BRDA:27,2,1,3
BRDA:37,3,0,7
BRDA:37,3,1,1
BRDA:38,4,0,1
BRDA:38,4,1,6
BRDA:43,5,0,6
BRDA:43,5,1,3
BRDA:51,6,0,7
BRDA:51,6,1,8
BRDA:69,7,0,1
BRDA:69,7,1,4
BRDA:74,8,0,2
BRDA:74,8,1,2
BRDA:85,9,0,1
BRDA:85,9,1,4
BRDA:87,10,0,1
BRDA:87,10,1,3
BRDA:89,11,0,3
BRDA:89,11,1,1
BRDA:101,12,0,1
BRDA:101,12,1,8
BRDA:104,13,0,1
BRDA:104,13,1,7
BRDA:110,14,0,4
BRDA:110,14,1,3
BRDA:112,15,0,3
BRDA:112,15,1,1
BRDA:119,16,0,1
BRDA:119,16,1,2
BRDA:124,17,0,2
BRDA:124,17,1,1
BRDA:138,18,0,4
BRDA:138,18,1,3
BRDA:147,19,0,50
BRDA:147,19,1,14
BRF:40
BRH:40
end_of_record
