TN:
SF:/Users/Kai_Lin/Desktop/blog/数据结构与算法/链表/linkedList.js
FN:2,(anonymous_0)
FN:16,(anonymous_1)
FN:24,(anonymous_2)
FN:44,(anonymous_3)
FN:63,(anonymous_4)
FN:81,(anonymous_5)
FN:100,(anonymous_6)
FN:116,(anonymous_7)
FN:152,(anonymous_8)
FN:165,(anonymous_9)
FN:181,(anonymous_10)
FN:197,(anonymous_11)
FNF:12
FNH:12
FNDA:51,(anonymous_0)
FNDA:9,(anonymous_1)
FNDA:20,(anonymous_2)
FNDA:12,(anonymous_3)
FNDA:31,(anonymous_4)
FNDA:5,(anonymous_5)
FNDA:5,(anonymous_6)
FNDA:9,(anonymous_7)
FNDA:7,(anonymous_8)
FNDA:86,(anonymous_9)
FNDA:4,(anonymous_10)
FNDA:5,(anonymous_11)
DA:3,51
DA:4,51
DA:17,9
DA:25,20
DA:26,20
DA:27,2
DA:29,18
DA:30,7
DA:32,11
DA:33,12
DA:34,12
DA:36,2
DA:45,12
DA:46,12
DA:47,12
DA:48,11
DA:49,9
DA:50,9
DA:51,16
DA:52,16
DA:53,16
DA:56,1
DA:64,31
DA:65,11
DA:68,20
DA:69,20
DA:70,20
DA:72,20
DA:82,5
DA:83,1
DA:85,4
DA:86,4
DA:87,4
DA:88,2
DA:90,2
DA:91,2
DA:92,2
DA:101,5
DA:102,4
DA:103,4
DA:104,3
DA:105,4
DA:106,3
DA:108,1
DA:117,9
DA:118,1
DA:120,8
DA:121,1
DA:123,7
DA:126,7
DA:128,4
DA:129,3
DA:131,1
DA:135,3
DA:137,1
DA:139,2
DA:140,3
DA:141,2
DA:142,2
DA:144,1
DA:153,7
DA:154,7
DA:155,7
DA:156,17
DA:157,17
DA:159,7
DA:166,86
DA:167,86
DA:168,86
DA:169,68
DA:170,68
DA:171,87
DA:172,87
DA:175,86
DA:182,4
DA:183,4
DA:184,3
DA:185,3
DA:186,9
DA:187,9
DA:188,9
DA:189,9
DA:191,3
DA:199,5
DA:200,5
DA:201,5
DA:203,5
DA:204,3
DA:205,7
DA:206,7
DA:207,7
DA:208,2
DA:210,5
DA:212,1
DA:216,1
LF:95
LH:95
BRDA:26,0,0,2
BRDA:26,0,1,18
BRDA:29,1,0,7
BRDA:29,1,1,11
BRDA:34,2,0,9
BRDA:34,2,1,3
BRDA:47,3,0,11
BRDA:47,3,1,1
BRDA:48,4,0,2
BRDA:48,4,1,9
BRDA:53,5,0,9
BRDA:53,5,1,7
BRDA:64,6,0,11
BRDA:64,6,1,20
BRDA:82,7,0,1
BRDA:82,7,1,4
BRDA:87,8,0,2
BRDA:87,8,1,2
BRDA:101,9,0,1
BRDA:101,9,1,4
BRDA:103,10,0,1
BRDA:103,10,1,3
BRDA:105,11,0,3
BRDA:105,11,1,1
BRDA:117,12,0,1
BRDA:117,12,1,8
BRDA:120,13,0,1
BRDA:120,13,1,7
BRDA:126,14,0,4
BRDA:126,14,1,3
BRDA:128,15,0,3
BRDA:128,15,1,1
BRDA:135,16,0,1
BRDA:135,16,1,2
BRDA:140,17,0,2
BRDA:140,17,1,1
BRDA:156,18,0,10
BRDA:156,18,1,7
BRDA:168,19,0,68
BRDA:168,19,1,18
BRDA:183,20,0,1
BRDA:183,20,1,3
BRDA:183,21,0,4
BRDA:183,21,1,4
BRDA:203,22,0,2
BRDA:203,22,1,3
BRDA:203,23,0,5
BRDA:203,23,1,4
BRDA:204,24,0,8
BRDA:204,24,1,8
BRDA:204,24,2,7
BRDA:207,25,0,2
BRDA:207,25,1,5
BRDA:207,26,0,7
BRDA:207,26,1,7
BRF:55
BRH:55
end_of_record
